<?xml version="1.0" encoding="UTF-8"?>
<!-- Generated by org.testng.reporters.JUnitXMLReporter -->
<testsuite ignored="0" hostname="WINDOWS-FS392AK" failures="0" tests="3" name="Hero" time="23.87" errors="0" timestamp="2024-12-09T22:39:21 CET">
  <testcase classname="hero_test.FileUploadTest" name="fileUploadTest" time="0.755"/>
  <testcase classname="hero_test.RedirectLinkTest" name="checkAllLinksTest" time="0.811"/>
  <testcase classname="hero_test.RedirectLinkTest" name="checkBrokenLinks" time="3.864"/>
</testsuite> <!-- Hero -->
